<?xml version="1.0" encoding="utf-8"?><testsuites name="pytest tests"><testsuite name="pytest" errors="0" failures="0" skipped="0" tests="47" time="10.194" timestamp="2026-09-06T21:49:25.950989+00:00" hostname="agent-env-3bf3c8eb-c616-48cc-8183-eb2b1f1c3907"><testcase classname="tests.test_iteration3" name="test_products_have_kind_field" time="0.168" /><testcase classname="tests.test_kallitag" name="test_get_products" time="0.187" /><testcase classname="tests.test_iteration3" name="test_checkout_prestige_profile_schema" time="0.884" /><testcase classname="tests.test_kallitag" name="test_get_product_by_id" time="0.061" /><testcase classname="tests.test_kallitag" name="test_get_product_not_found" time="0.761" /><testcase classname="tests.test_iteration3" name="test_checkout_plaque_reviews_schema" time="0.870" /><testcase classname="tests.test_kallitag" name="test_checkout_creates_stripe_session" time="0.571" /><testcase classname="tests.test_kallitag" name="test_checkout_persists_order_and_transaction" time="0.462" /><testcase classname="tests.test_iteration3" name="test_checkout_medaillon_pet_schema" time="0.507" /><testcase classname="tests.test_kallitag" name="test_checkout_invalid_product" time="0.384" /><testcase classname="tests.test_kallitag" name="test_checkout_invalid_email" time="0.060" /><testcase classname="tests.test_kallitag" name="test_webhook_invalid_signature" time="0.059" /><testcase classname="tests.test_iteration3" name="test_public_profile_returns_kind" time="0.229" /><testcase classname="tests.test_kallitag" name="test_status_unknown_session" time="0.061" /><testcase classname="tests.test_uploads_and_regression" name="test_products_regression" time="0.113" /><testcase classname="tests.test_iteration3" name="test_pro_checkout_monthly" time="0.740" /><testcase classname="tests.test_uploads_and_regression" name="test_checkout_with_avatar_url" time="1.144" /><testcase classname="tests.test_iteration3" name="test_pro_checkout_yearly" time="0.893" /><testcase classname="tests.test_uploads_and_regression" name="test_request_link" time="0.635" /><testcase classname="tests.test_iteration3" name="test_pro_checkout_requires_auth" time="0.110" /><testcase classname="tests.test_iteration3" name="test_me_pro_inactive" time="0.123" /><testcase classname="tests.test_uploads_and_regression" name="test_me_requires_auth" time="0.120" /><testcase classname="tests.test_iteration3" name="test_create_lead_public" time="0.169" /><testcase classname="tests.test_uploads_and_regression" name="test_me_with_token" time="0.136" /><testcase classname="tests.test_iteration3" name="test_list_leads_non_pro" time="0.118" /><testcase classname="tests.test_uploads_and_regression" name="test_qr_png" time="0.138" /><testcase classname="tests.test_iteration3" name="test_export_csv_402_non_pro" time="0.132" /><testcase classname="tests.test_uploads_and_regression" name="test_scan_event" time="0.120" /><testcase classname="tests.test_uploads_and_regression" name="test_analytics_requires_auth" time="0.131" /><testcase classname="tests.test_iteration3" name="test_release_wipes_profile" time="0.255" /><testcase classname="tests.test_uploads_and_regression" name="test_analytics_with_token" time="0.129" /><testcase classname="tests.test_iteration3" name="test_reclaim_transfers_and_invalidates_code" time="0.665" /><testcase classname="tests.test_iteration3" name="test_reclaim_bad_code" time="0.134" /><testcase classname="tests.test_uploads_and_regression.TestGuestAvatarUpload" name="test_guest_upload_png_ok" time="0.555" /><testcase classname="tests.test_uploads_and_regression.TestGuestAvatarUpload" name="test_guest_upload_rejects_bad_content_type" time="0.124" /><testcase classname="tests.test_iteration4" name="test_list_variants_non_pro_returns_empty" time="1.437" /><testcase classname="tests.test_uploads_and_regression.TestGuestAvatarUpload" name="test_guest_upload_rejects_oversize" time="0.360" /><testcase classname="tests.test_iteration4" name="test_add_variant_non_pro_402" time="0.153" /><testcase classname="tests.test_iteration4" name="test_pro_flow_full" time="2.229" /><testcase classname="tests.test_uploads_and_regression.TestAuthAvatarUpload" name="test_upload_requires_auth" time="0.115" /><testcase classname="tests.test_uploads_and_regression.TestAuthAvatarUpload" name="test_upload_with_token_ok" time="0.579" /><testcase classname="tests.test_uploads_and_regression.TestAuthAvatarUpload" name="test_upload_bad_type_auth" time="0.184" /><testcase classname="tests.test_uploads_and_regression.TestFilesServe" name="test_files_invalid_path" time="0.131" /><testcase classname="tests.test_iteration4" name="test_add_variant_wrong_slug" time="0.125" /><testcase classname="tests.test_iteration4" name="test_add_variant_someone_elses_slug" time="0.123" /><testcase classname="tests.test_iteration4" name="test_variants_requires_auth" time="0.117" /><testcase classname="tests.test_iteration4" name="test_final_cleanup_pro_seed" time="0.001" /></testsuite></testsuites>