<?xml version="1.0" encoding="utf-8"?><testsuites name="pytest tests"><testsuite name="pytest" errors="0" failures="0" skipped="0" tests="40" time="7.544" timestamp="2026-09-06T21:42:08.595449+00:00" hostname="agent-env-3bf3c8eb-c616-48cc-8183-eb2b1f1c3907"><testcase classname="tests.test_kallitag" name="test_get_products" time="0.194" /><testcase classname="tests.test_iteration3" name="test_products_have_kind_field" time="0.191" /><testcase classname="tests.test_iteration3" name="test_checkout_prestige_profile_schema" time="0.728" /><testcase classname="tests.test_kallitag" name="test_get_product_by_id" time="0.086" /><testcase classname="tests.test_kallitag" name="test_get_product_not_found" time="0.632" /><testcase classname="tests.test_iteration3" name="test_checkout_plaque_reviews_schema" time="0.986" /><testcase classname="tests.test_kallitag" name="test_checkout_creates_stripe_session" time="0.468" /><testcase classname="tests.test_kallitag" name="test_checkout_persists_order_and_transaction" time="0.646" /><testcase classname="tests.test_iteration3" name="test_checkout_medaillon_pet_schema" time="0.572" /><testcase classname="tests.test_kallitag" name="test_checkout_invalid_product" time="0.449" /><testcase classname="tests.test_kallitag" name="test_checkout_invalid_email" time="0.068" /><testcase classname="tests.test_kallitag" name="test_webhook_invalid_signature" time="0.075" /><testcase classname="tests.test_iteration3" name="test_public_profile_returns_kind" time="0.285" /><testcase classname="tests.test_kallitag" name="test_status_unknown_session" time="0.070" /><testcase classname="tests.test_uploads_and_regression" name="test_products_regression" time="0.130" /><testcase classname="tests.test_iteration3" name="test_pro_checkout_monthly" time="0.745" /><testcase classname="tests.test_uploads_and_regression" name="test_checkout_with_avatar_url" time="1.097" /><testcase classname="tests.test_iteration3" name="test_pro_checkout_yearly" time="0.853" /><testcase classname="tests.test_uploads_and_regression" name="test_request_link" time="0.641" /><testcase classname="tests.test_iteration3" name="test_pro_checkout_requires_auth" time="0.135" /><testcase classname="tests.test_iteration3" name="test_me_pro_inactive" time="0.114" /><testcase classname="tests.test_uploads_and_regression" name="test_me_requires_auth" time="0.117" /><testcase classname="tests.test_iteration3" name="test_create_lead_public" time="0.157" /><testcase classname="tests.test_uploads_and_regression" name="test_me_with_token" time="0.115" /><testcase classname="tests.test_iteration3" name="test_list_leads_non_pro" time="0.138" /><testcase classname="tests.test_uploads_and_regression" name="test_qr_png" time="0.132" /><testcase classname="tests.test_iteration3" name="test_export_csv_402_non_pro" time="0.211" /><testcase classname="tests.test_uploads_and_regression" name="test_scan_event" time="0.125" /><testcase classname="tests.test_uploads_and_regression" name="test_analytics_requires_auth" time="0.139" /><testcase classname="tests.test_uploads_and_regression" name="test_analytics_with_token" time="0.115" /><testcase classname="tests.test_iteration3" name="test_release_wipes_profile" time="0.238" /><testcase classname="tests.test_uploads_and_regression.TestGuestAvatarUpload" name="test_guest_upload_png_ok" time="0.564" /><testcase classname="tests.test_iteration3" name="test_reclaim_transfers_and_invalidates_code" time="0.749" /><testcase classname="tests.test_uploads_and_regression.TestGuestAvatarUpload" name="test_guest_upload_rejects_bad_content_type" time="0.156" /><testcase classname="tests.test_uploads_and_regression.TestGuestAvatarUpload" name="test_guest_upload_rejects_oversize" time="0.410" /><testcase classname="tests.test_iteration3" name="test_reclaim_bad_code" time="0.123" /><testcase classname="tests.test_uploads_and_regression.TestAuthAvatarUpload" name="test_upload_requires_auth" time="0.152" /><testcase classname="tests.test_uploads_and_regression.TestAuthAvatarUpload" name="test_upload_with_token_ok" time="0.498" /><testcase classname="tests.test_uploads_and_regression.TestFilesServe" name="test_files_invalid_path" time="0.215" /><testcase classname="tests.test_uploads_and_regression.TestAuthAvatarUpload" name="test_upload_bad_type_auth" time="0.138" /></testsuite></testsuites>