<?xml version="1.0" encoding="utf-8"?><testsuites name="pytest tests"><testsuite name="pytest" errors="0" failures="0" skipped="0" tests="9" time="2.512" timestamp="2026-09-06T20:27:38.915784+00:00" hostname="agent-env-3bf3c8eb-c616-48cc-8183-eb2b1f1c3907"><testcase classname="tests.test_kallitag" name="test_get_products" time="0.329" /><testcase classname="tests.test_kallitag" name="test_get_product_by_id" time="0.098" /><testcase classname="tests.test_kallitag" name="test_get_product_not_found" time="0.069" /><testcase classname="tests.test_kallitag" name="test_checkout_creates_stripe_session" time="1.027" /><testcase classname="tests.test_kallitag" name="test_checkout_persists_order_and_transaction" time="0.180" /><testcase classname="tests.test_kallitag" name="test_checkout_invalid_product" time="0.109" /><testcase classname="tests.test_kallitag" name="test_checkout_invalid_email" time="0.071" /><testcase classname="tests.test_kallitag" name="test_webhook_invalid_signature" time="0.075" /><testcase classname="tests.test_kallitag" name="test_status_unknown_session" time="0.070" /></testsuite></testsuites>