<?xml version="1.0" encoding="utf-8"?><testsuites name="pytest tests"><testsuite name="pytest" errors="0" failures="0" skipped="0" tests="25" time="4.682" timestamp="2026-09-06T21:01:51.420382+00:00" hostname="agent-env-3bf3c8eb-c616-48cc-8183-eb2b1f1c3907"><testcase classname="tests.test_uploads_and_regression" name="test_products_regression" time="0.211" /><testcase classname="tests.test_kallitag" name="test_get_products" time="0.179" /><testcase classname="tests.test_kallitag" name="test_get_product_by_id" time="0.090" /><testcase classname="tests.test_uploads_and_regression" name="test_checkout_with_avatar_url" time="0.749" /><testcase classname="tests.test_kallitag" name="test_get_product_not_found" time="0.078" /><testcase classname="tests.test_uploads_and_regression" name="test_request_link" time="0.742" /><testcase classname="tests.test_kallitag" name="test_checkout_creates_stripe_session" time="1.128" /><testcase classname="tests.test_kallitag" name="test_checkout_persists_order_and_transaction" time="0.229" /><testcase classname="tests.test_uploads_and_regression" name="test_me_requires_auth" time="0.157" /><testcase classname="tests.test_kallitag" name="test_checkout_invalid_product" time="0.085" /><testcase classname="tests.test_kallitag" name="test_checkout_invalid_email" time="0.081" /><testcase classname="tests.test_uploads_and_regression" name="test_me_with_token" time="0.131" /><testcase classname="tests.test_kallitag" name="test_webhook_invalid_signature" time="0.081" /><testcase classname="tests.test_kallitag" name="test_status_unknown_session" time="0.080" /><testcase classname="tests.test_uploads_and_regression" name="test_qr_png" time="0.320" /><testcase classname="tests.test_uploads_and_regression.TestGuestAvatarUpload" name="test_guest_upload_png_ok" time="0.583" /><testcase classname="tests.test_uploads_and_regression" name="test_scan_event" time="0.132" /><testcase classname="tests.test_uploads_and_regression" name="test_analytics_requires_auth" time="0.131" /><testcase classname="tests.test_uploads_and_regression" name="test_analytics_with_token" time="0.125" /><testcase classname="tests.test_uploads_and_regression.TestGuestAvatarUpload" name="test_guest_upload_rejects_bad_content_type" time="0.996" /><testcase classname="tests.test_uploads_and_regression.TestAuthAvatarUpload" name="test_upload_requires_auth" time="0.133" /><testcase classname="tests.test_uploads_and_regression.TestAuthAvatarUpload" name="test_upload_with_token_ok" time="0.776" /><testcase classname="tests.test_uploads_and_regression.TestAuthAvatarUpload" name="test_upload_bad_type_auth" time="0.143" /><testcase classname="tests.test_uploads_and_regression.TestGuestAvatarUpload" name="test_guest_upload_rejects_oversize" time="0.415" /><testcase classname="tests.test_uploads_and_regression.TestFilesServe" name="test_files_invalid_path" time="0.160" /></testsuite></testsuites>